0 info it worked if it ends with ok
1 verbose cli [ 'node', '/usr/local/bin/npm', 'install' ]
2 info using npm@2.13.0
3 info using node@v0.10.25
4 verbose node symlink /usr/bin/node
5 verbose config Skipping project config: /home/hayate/.npmrc. (matches userconfig)
6 verbose readDependencies loading dependencies from /home/hayate/package.json
7 error install Couldn't read dependencies
8 verbose stack Error: ENOENT, open '/home/hayate/package.json'
9 verbose cwd /home/hayate/Hayatedos/appliWifiDetect
10 error Linux 4.2.0-34-generic
11 error argv "node" "/usr/local/bin/npm" "install"
12 error node v0.10.25
13 error npm  v2.13.0
14 error path /home/hayate/package.json
15 error code ENOPACKAGEJSON
16 error errno 34
17 error package.json ENOENT, open '/home/hayate/package.json'
17 error package.json This is most likely not a problem with npm itself.
17 error package.json npm can't find a package.json file in your current directory.
18 verbose exit [ 34, true ]
